{"C:\\Users\\aaa\\growtwitter_prisma\\src\\services\\auth.service.ts": {"path":"C:\\Users\\aaa\\growtwitter_prisma\\src\\services\\auth.service.ts","statementMap":{"0":{"start":{"line":1,"column":0},"end":{"line":1,"column":55}},"1":{"start":{"line":3,"column":0},"end":{"line":3,"column":31}},"2":{"start":{"line":30,"column":24},"end":{"line":39,"column":10}},"3":{"start":{"line":41,"column":8},"end":{"line":48,"column":9}},"4":{"start":{"line":42,"column":12},"end":{"line":46,"column":null}},"5":{"start":{"line":50,"column":22},"end":{"line":50,"column":49}},"6":{"start":{"line":55,"column":8},"end":{"line":64,"column":null}},"7":{"start":{"line":69,"column":24},"end":{"line":69,"column":67}},"8":{"start":{"line":71,"column":8},"end":{"line":78,"column":9}},"9":{"start":{"line":72,"column":12},"end":{"line":76,"column":null}},"10":{"start":{"line":80,"column":8},"end":{"line":84,"column":null}},"11":{"start":{"line":89,"column":22},"end":{"line":89,"column":64}},"12":{"start":{"line":90,"column":8},"end":{"line":90,"column":null}},"13":{"start":{"line":95,"column":8},"end":{"line":101,"column":9}},"14":{"start":{"line":96,"column":28},"end":{"line":96,"column":70}},"15":{"start":{"line":97,"column":12},"end":{"line":97,"column":null}},"16":{"start":{"line":100,"column":12},"end":{"line":100,"column":null}},"17":{"start":{"line":7,"column":0},"end":{"line":7,"column":13}}},"fnMap":{"0":{"name":"(anonymous_1)","decl":{"start":{"line":29,"column":11},"end":{"line":29,"column":16}},"loc":{"start":{"line":29,"column":51},"end":{"line":65,"column":5}}},"1":{"name":"(anonymous_2)","decl":{"start":{"line":67,"column":11},"end":{"line":67,"column":16}},"loc":{"start":{"line":67,"column":62},"end":{"line":86,"column":5}}},"2":{"name":"(anonymous_3)","decl":{"start":{"line":88,"column":11},"end":{"line":88,"column":24}},"loc":{"start":{"line":88,"column":37},"end":{"line":92,"column":5}}},"3":{"name":"(anonymous_4)","decl":{"start":{"line":94,"column":11},"end":{"line":94,"column":23}},"loc":{"start":{"line":94,"column":37},"end":{"line":102,"column":5}}}},"branchMap":{"0":{"loc":{"start":{"line":41,"column":8},"end":{"line":48,"column":9}},"type":"if","locations":[{"start":{"line":41,"column":8},"end":{"line":48,"column":9}}]},"1":{"loc":{"start":{"line":71,"column":8},"end":{"line":78,"column":9}},"type":"if","locations":[{"start":{"line":71,"column":8},"end":{"line":78,"column":9}}]},"2":{"loc":{"start":{"line":71,"column":11},"end":{"line":71,"column":53}},"type":"binary-expr","locations":[{"start":{"line":71,"column":11},"end":{"line":71,"column":26}},{"start":{"line":71,"column":30},"end":{"line":71,"column":53}}]}},"s":{"0":1,"1":1,"2":0,"3":0,"4":0,"5":0,"6":0,"7":0,"8":0,"9":0,"10":0,"11":0,"12":0,"13":0,"14":0,"15":0,"16":0,"17":1},"f":{"0":0,"1":0,"2":0,"3":0},"b":{"0":[0],"1":[0],"2":[0,0]}}
}
